<?xml version="1.0" encoding="UTF-8"?>
<!-- Generated by org.testng.reporters.JUnitReportReporter -->
<testsuite hostname="ankit-Lenovo-ideapad-300-15ISK" failures="0" tests="1" name="TestRunner.Runner" time="6.659" errors="0" timestamp="12 May 2020 11:41:14 GMT">
  <testcase classname="TestRunner.Runner" name="feature" time="6.659"/>
</testsuite> <!-- TestRunner.Runner -->
